<?xml version="1.0" encoding="UTF-8"?>
<!-- Generated by org.testng.reporters.JUnitReportReporter -->
<testsuite hostname="SHASHANK-HP360" failures="0" tests="3" name="com.qa.tests.LoginTests" time="10.427" errors="0" timestamp="2021-05-14T22:58:07 IST" skipped="0">
  <testcase classname="com.qa.tests.LoginTests" name="validLoginTest" time="2.825"/>
  <system-out/>
  <testcase classname="com.qa.tests.LoginTests" name="invalidPasswordTest" time="4.435"/>
  <system-out/>
  <testcase classname="com.qa.tests.LoginTests" name="invalidUsernameTest" time="3.167"/>
  <system-out/>
</testsuite> <!-- com.qa.tests.LoginTests -->
