<?xml version="1.0" encoding="UTF-8"?>
<!-- Generated by org.testng.reporters.JUnitReportReporter -->
<testsuite hostname="SHASHANK-HP360" failures="0" tests="2" name="com.qa.tests.ProductTests" time="22.064" errors="0" timestamp="2021-05-19T23:29:54 IST" skipped="0">
  <testcase classname="com.qa.tests.ProductTests" name="validateProductOnProductsPage" time="8.342"/>
  <system-out/>
  <testcase classname="com.qa.tests.ProductTests" name="validateProductOnProductDetailsPage" time="13.722"/>
  <system-out/>
</testsuite> <!-- com.qa.tests.ProductTests -->
