<?xml version="1.0" encoding="UTF-8"?>
<!-- Generated by org.testng.reporters.JUnitReportReporter -->
<testsuite hostname="SHASHANK-HP360" failures="0" tests="3" name="com.qa.tests.LoginTests" time="10.830" errors="0" timestamp="2021-05-14T22:33:28 IST" skipped="0">
  <testcase classname="com.qa.tests.LoginTests" name="invalidUsernameTest" time="2.697"/>
  <system-out/>
  <testcase classname="com.qa.tests.LoginTests" name="invalidPasswordTest" time="4.473"/>
  <system-out/>
  <testcase classname="com.qa.tests.LoginTests" name="validLoginTest" time="3.660"/>
  <system-out/>
</testsuite> <!-- com.qa.tests.LoginTests -->
