<?xml version="1.0" encoding="UTF-8"?>
<!-- Generated by org.testng.reporters.JUnitReportReporter -->
<testsuite hostname="SHASHANK-HP360" failures="0" tests="3" name="qa.mobile.AppiumTest" time="8.238" errors="0" timestamp="2021-05-12T21:06:46 IST" skipped="0">
  <testcase classname="qa.mobile.AppiumTest" name="invalidPasswordTest" time="3.915"/>
  <system-out/>
  <testcase classname="qa.mobile.AppiumTest" name="invalidUsernameTest" time="1.325"/>
  <system-out/>
  <testcase classname="qa.mobile.AppiumTest" name="validLoginTest" time="2.998"/>
  <system-out/>
</testsuite> <!-- qa.mobile.AppiumTest -->
