<?xml version="1.0" encoding="UTF-8"?>
<!-- Generated by org.testng.reporters.JUnitReportReporter -->
<testsuite hostname="SHASHANK-HP360" failures="0" tests="2" name="com.qa.tests.ProductTests" time="27.868" errors="0" timestamp="2021-05-21T23:32:43 IST" skipped="0">
  <testcase classname="com.qa.tests.ProductTests" name="validateProductOnProductDetailsPage" time="16.647"/>
  <system-out/>
  <testcase classname="com.qa.tests.ProductTests" name="validateProductOnProductsPage" time="11.221"/>
  <system-out/>
</testsuite> <!-- com.qa.tests.ProductTests -->
